{
  "RSpec": {
    "coverage": {
      "/Users/kinetix/codecore/rails/fundsy/spec/support/login_helpers.rb": [
        1,
        1,
        23,
        null,
        null
      ],
      "/Users/kinetix/codecore/rails/fundsy/app/controllers/campaigns_controller.rb": [
        1,
        null,
        1,
        1,
        null,
        1,
        6,
        null,
        null,
        1,
        2,
        null,
        null,
        1,
        6,
        6,
        6,
        4,
        null,
        2,
        null,
        null,
        null,
        1,
        null,
        null,
        null,
        1,
        4,
        2,
        null,
        null,
        null,
        1,
        5,
        4,
        2,
        null,
        2,
        null,
        null,
        1,
        null,
        null,
        null,
        1,
        3,
        2,
        2,
        null,
        1,
        null,
        null,
        null,
        1,
        null,
        1,
        10,
        null,
        null,
        1,
        14,
        null,
        null
      ],
      "/Users/kinetix/codecore/rails/fundsy/app/controllers/application_controller.rb": [
        1,
        null,
        null,
        1,
        null,
        1,
        25,
        null,
        null,
        1,
        55,
        null,
        1,
        null,
        1,
        35,
        null,
        1,
        null
      ],
      "/Users/kinetix/codecore/rails/fundsy/spec/controllers/sessions_controller_spec.rb": [
        1,
        null,
        1,
        null,
        null,
        null,
        null,
        10,
        null,
        null,
        1,
        1,
        1,
        1,
        null,
        null,
        null,
        null,
        1,
        null,
        1,
        1,
        null,
        null,
        null,
        3,
        null,
        null,
        1,
        null,
        null,
        null,
        1,
        null,
        null,
        1,
        null,
        null,
        null,
        1,
        null,
        null,
        1,
        null,
        null,
        null,
        1,
        null,
        null,
        null,
        1,
        1,
        null,
        null,
        null,
        3,
        null,
        null,
        1,
        1,
        null,
        null,
        1,
        1,
        null,
        null,
        1,
        1,
        null,
        null,
        null,
        null,
        null,
        1,
        1,
        null,
        3,
        null,
        3,
        null,
        null,
        1,
        null,
        1,
        null,
        null,
        1,
        1,
        null,
        null,
        1,
        1,
        null,
        null,
        null
      ],
      "/Users/kinetix/codecore/rails/fundsy/app/controllers/sessions_controller.rb": [
        1,
        1,
        null,
        null,
        null,
        1,
        8,
        8,
        4,
        4,
        4,
        null,
        4,
        null,
        4,
        null,
        null,
        null,
        1,
        3,
        null,
        3,
        null,
        null,
        null
      ],
      "/Users/kinetix/codecore/rails/fundsy/spec/controllers/users_controller_spec.rb": [
        1,
        null,
        1,
        1,
        1,
        null,
        null,
        null,
        null,
        null,
        1,
        null,
        null,
        null,
        null,
        null,
        null,
        1,
        null,
        null,
        1,
        1,
        null,
        null,
        null,
        1,
        null,
        null,
        null,
        1,
        null,
        null,
        1,
        1,
        null,
        null,
        null,
        null,
        null,
        null,
        4,
        null,
        null,
        null,
        1,
        4,
        null,
        null,
        1,
        null,
        null,
        null,
        null,
        4,
        null,
        null,
        1,
        1,
        1,
        null,
        null,
        1,
        1,
        1,
        null,
        null,
        1,
        1,
        1,
        null,
        null,
        null,
        1,
        1,
        null,
        null,
        null,
        null,
        null,
        null,
        3,
        null,
        null,
        1,
        3,
        null,
        null,
        1,
        4,
        null,
        null,
        1,
        1,
        1,
        null,
        null,
        1,
        1,
        1,
        null,
        null,
        null,
        null
      ],
      "/Users/kinetix/codecore/rails/fundsy/app/controllers/users_controller.rb": [
        1,
        1,
        5,
        null,
        null,
        1,
        8,
        8,
        5,
        5,
        null,
        3,
        3,
        null,
        null,
        null,
        1,
        null,
        1,
        8,
        null,
        null,
        null
      ],
      "/Users/kinetix/codecore/rails/fundsy/spec/features/campaigns_spec.rb": [
        1,
        null,
        1,
        1,
        1,
        1,
        1,
        null,
        1,
        1,
        1,
        null,
        1,
        1,
        null,
        1,
        null,
        1,
        1,
        1,
        null,
        1,
        null,
        null,
        null
      ],
      "/Users/kinetix/codecore/rails/fundsy/spec/features/sessions_spec.rb": [
        1,
        null,
        1,
        1,
        3,
        null,
        1,
        1,
        1,
        null,
        1,
        1,
        1,
        null,
        1,
        1,
        1,
        null,
        null,
        1,
        1,
        1,
        null,
        null,
        1,
        1,
        1,
        null,
        1,
        1,
        1,
        null,
        null,
        null,
        null,
        null
      ],
      "/Users/kinetix/codecore/rails/fundsy/spec/features/users_spec.rb": [
        1,
        null,
        1,
        1,
        1,
        1,
        1,
        null,
        1,
        1,
        null,
        null,
        null,
        1,
        1,
        1,
        1,
        1,
        null,
        1,
        1,
        null,
        1,
        1,
        null,
        null,
        null,
        null
      ],
      "/Users/kinetix/codecore/rails/fundsy/spec/helpers/campaigns_helper_spec.rb": [
        1,
        null,
        null,
        null,
        null,
        null,
        null,
        null,
        null,
        null,
        null,
        null,
        1,
        1,
        null
      ],
      "/Users/kinetix/codecore/rails/fundsy/spec/helpers/sessions_helper_spec.rb": [
        1,
        null,
        null,
        null,
        null,
        null,
        null,
        null,
        null,
        null,
        null,
        null,
        1,
        1,
        null
      ],
      "/Users/kinetix/codecore/rails/fundsy/spec/helpers/users_helper_spec.rb": [
        1,
        null,
        null,
        null,
        null,
        null,
        null,
        null,
        null,
        null,
        null,
        null,
        1,
        1,
        null
      ],
      "/Users/kinetix/codecore/rails/fundsy/spec/models/campaign_spec.rb": [
        1,
        null,
        1,
        1,
        null,
        null,
        null,
        6,
        6,
        null,
        null,
        null,
        1,
        1,
        1,
        1,
        null,
        null,
        1,
        1,
        1,
        null,
        null,
        1,
        1,
        1,
        null,
        null,
        1,
        1,
        1,
        null,
        null,
        1,
        1,
        1,
        1,
        1,
        null,
        null,
        null,
        null
      ],
      "/Users/kinetix/codecore/rails/fundsy/app/models/campaign.rb": [
        1,
        1,
        null,
        1,
        1,
        1,
        null,
        null,
        null
      ],
      "/Users/kinetix/codecore/rails/fundsy/spec/models/user_spec.rb": [
        1,
        null,
        null,
        1,
        1,
        null,
        null,
        null,
        null,
        7,
        null,
        null,
        null,
        1,
        1,
        1,
        null,
        null,
        1,
        null,
        null,
        1,
        1,
        1,
        null,
        null,
        1,
        null,
        1,
        null,
        1,
        null,
        null,
        1,
        null,
        null,
        1,
        1,
        1,
        null,
        null,
        null,
        1,
        1,
        1,
        1,
        null,
        null,
        1,
        1,
        1,
        null,
        null,
        null,
        1,
        1,
        1,
        1,
        1,
        null,
        null,
        null
      ],
      "/Users/kinetix/codecore/rails/fundsy/app/models/user.rb": [
        1,
        null,
        1,
        1,
        null,
        1,
        null,
        1,
        6,
        null,
        null
      ]
    },
    "timestamp": 1442938357
  }
}
